2024-02-22 14:23:49.492 JST [1219] LOG:  PostgreSQL 15.6 on x86_64-pc-linux-gnu, compiled by gcc (GCC) 4.8.5 20150623 (Red Hat 4.8.5-44), 64-bit を起動しています
2024-02-22 14:23:49.499 JST [1219] LOG:  IPv4アドレス"0.0.0.0"、ポート5432で待ち受けています
2024-02-22 14:23:49.501 JST [1219] LOG:  IPv6アドレス"::"、ポート5432で待ち受けています
2024-02-22 14:23:49.507 JST [1219] LOG:  Unixソケット"/run/postgresql/.s.PGSQL.5432"で待ち受けています
2024-02-22 14:23:49.520 JST [1219] LOG:  Unixソケット"/tmp/.s.PGSQL.5432"で待ち受けています
2024-02-22 14:23:49.733 JST [1257] LOG:  データベースシステムは 2024-02-21 00:07:32 JST にシャットダウンしました
2024-02-22 14:23:50.010 JST [1219] LOG:  データベースシステムの接続受け付け準備が整いました
2024-02-22 14:28:49.503 JST [1254] LOG:  チェックポイント開始: time
2024-02-22 14:28:49.521 JST [1254] LOG:  チェックポイント完了: 3個のバッファを出力 (0.0%); 0個のWALファイルを追加、0個を削除、1個を再利用; 書き出し=0.005秒, 同期=0.002秒, 全体=0.035秒; 同期したファイル=2, 最長=0.001秒, 平均=0.001秒; 距離=0 kB, 予測=0 kB
2024-02-22 18:38:45.378 JST [1219] LOG:  高速シャットダウン要求を受け取りました
2024-02-22 18:38:45.409 JST [1219] LOG:  活動中の全トランザクションをアボートしています
2024-02-22 18:38:45.500 JST [1219] LOG:  バックグラウンドワーカー"logical replication launcher" (PID 1273)は終了コード1で終了しました
2024-02-22 18:38:45.519 JST [1254] LOG:  シャットダウンしています
2024-02-22 18:38:47.433 JST [1254] LOG:  チェックポイント開始: shutdown immediate
2024-02-22 18:38:47.506 JST [1254] LOG:  チェックポイント完了: 0個のバッファを出力 (0.0%); 0個のWALファイルを追加、0個を削除、0個を再利用; 書き出し=0.058秒, 同期=0.001秒, 全体=0.099秒; 同期したファイル=0, 最長=0.000秒, 平均=0.000秒; 距離=16383 kB, 予測=16383 kB
2024-02-22 18:38:48.026 JST [1219] LOG:  データベースシステムはシャットダウンしました
2024-02-29 19:51:02.663 JST [1215] LOG:  PostgreSQL 15.6 on x86_64-pc-linux-gnu, compiled by gcc (GCC) 4.8.5 20150623 (Red Hat 4.8.5-44), 64-bit を起動しています
2024-02-29 19:51:02.663 JST [1215] LOG:  IPv4アドレス"0.0.0.0"、ポート5432で待ち受けています
2024-02-29 19:51:02.664 JST [1215] LOG:  IPv6アドレス"::"、ポート5432で待ち受けています
2024-02-29 19:51:02.664 JST [1215] LOG:  Unixソケット"/run/postgresql/.s.PGSQL.5432"で待ち受けています
2024-02-29 19:51:02.667 JST [1215] LOG:  Unixソケット"/tmp/.s.PGSQL.5432"で待ち受けています
2024-02-29 19:51:02.705 JST [1246] LOG:  データベースシステムは 2024-02-25 02:15:05 JST にシャットダウンしました
2024-02-29 19:51:02.757 JST [1215] LOG:  データベースシステムの接続受け付け準備が整いました
2024-02-29 19:56:02.801 JST [1244] LOG:  チェックポイント開始: time
2024-02-29 19:56:02.813 JST [1244] LOG:  チェックポイント完了: 3個のバッファを出力 (0.0%); 0個のWALファイルを追加、0個を削除、1個を再利用; 書き出し=0.003秒, 同期=0.001秒, 全体=0.018秒; 同期したファイル=2, 最長=0.001秒, 平均=0.001秒; 距離=0 kB, 予測=0 kB
2024-02-29 20:06:10.604 JST [3639] FATAL:  ロール"root"は存在しません
2024-02-29 20:06:35.171 JST [1244] LOG:  チェックポイント開始: force wait
2024-02-29 20:06:35.175 JST [1244] LOG:  チェックポイント完了: 0個のバッファを出力 (0.0%); 0個のWALファイルを追加、0個を削除、0個を再利用; 書き出し=0.001秒, 同期=0.001秒, 全体=0.004秒; 同期したファイル=0, 最長=0.000秒, 平均=0.000秒; 距離=16383 kB, 予測=16383 kB
2024-02-29 20:51:31.595 JST [5779] LOG:  PostgreSQL 15.6 on x86_64-pc-linux-gnu, compiled by gcc (GCC) 4.8.5 20150623 (Red Hat 4.8.5-44), 64-bit を起動しています
2024-02-29 20:51:31.595 JST [5779] LOG:  IPv4アドレス"0.0.0.0"、ポート5432で待ち受けています
2024-02-29 20:51:31.596 JST [5779] LOG:  IPv6アドレス"::"、ポート5432で待ち受けています
2024-02-29 20:51:31.599 JST [5779] LOG:  Unixソケット"/run/postgresql/.s.PGSQL.5432"で待ち受けています
2024-02-29 20:51:31.600 JST [5779] LOG:  Unixソケット"/tmp/.s.PGSQL.5432"で待ち受けています
2024-02-29 20:51:31.602 JST [5785] LOG:  データベースシステムは中断されました: 2024-02-29 20:06:35 JST まで動作していたことは確認できます
cp: `/var/lib/pgsql/15/archivedir/00000002.history' を stat できません: そのようなファイルやディレクトリはありません
2024-02-29 20:51:31.623 JST [5785] LOG:  アーカイブリカバリを開始しています
2024-02-29 20:51:31.623 JST [5785] LOG:  タイムラインID 1上でREDO LSN 0/21000028、チェックポイントLSN 0/21000060からのバックアップ・リカバリを開始しました
2024-02-29 20:51:31.673 JST [5785] LOG:  ログファイル"000000010000000000000021"をアーカイブからリストアしました
2024-02-29 20:51:31.697 JST [5785] LOG:  REDOを0/21000028から開始します
cp: `/var/lib/pgsql/15/archivedir/000000010000000000000022' を stat できません: そのようなファイルやディレクトリはありません
2024-02-29 20:51:31.702 JST [5785] LOG:  REDO LSN0/21000028、終了LSN 0/21000100のバックアップ・リカバリが完了しました
2024-02-29 20:51:31.702 JST [5785] LOG:  0/21000100 でリカバリの一貫性が確保されました
2024-02-29 20:51:31.702 JST [5779] LOG:  データベースシステムはリードオンリー接続の受け付け準備ができました
cp: `/var/lib/pgsql/15/archivedir/000000010000000000000022' を stat できません: そのようなファイルやディレクトリはありません
2024-02-29 20:51:31.713 JST [5785] LOG:  REDOが0/21000100で終了しました、システム使用状況: CPU: ユーザー: 0.00秒、システム: 0.00秒、経過時間: 0.01秒
2024-02-29 20:51:31.758 JST [5785] LOG:  ログファイル"000000010000000000000021"をアーカイブからリストアしました
cp: `/var/lib/pgsql/15/archivedir/00000002.history' を stat できません: そのようなファイルやディレクトリはありません
2024-02-29 20:51:31.812 JST [5785] LOG:  新しいタイムラインIDを選択: 2
cp: `/var/lib/pgsql/15/archivedir/00000001.history' を stat できません: そのようなファイルやディレクトリはありません
2024-02-29 20:51:31.869 JST [5785] LOG:  アーカイブリカバリが完了しました
2024-02-29 20:51:31.870 JST [5783] LOG:  チェックポイント開始: end-of-recovery immediate wait
2024-02-29 20:51:31.873 JST [5783] LOG:  チェックポイント完了: 3個のバッファを出力 (0.0%); 0個のWALファイルを追加、0個を削除、1個を再利用; 書き出し=0.001秒, 同期=0.001秒, 全体=0.004秒; 同期したファイル=2, 最長=0.001秒, 平均=0.001秒; 距離=16384 kB, 予測=16384 kB
2024-02-29 20:51:31.875 JST [5779] LOG:  データベースシステムの接続受け付け準備が整いました
2024-02-29 20:54:03.863 JST [5933] ERROR:  リレーション"backup_test"は存在しません(15文字目)
2024-02-29 20:54:03.863 JST [5933] 文:  select * from backup_test;
2024-02-29 21:10:54.734 JST [5779] LOG:  高速シャットダウン要求を受け取りました
2024-02-29 21:10:54.847 JST [5779] LOG:  活動中の全トランザクションをアボートしています
2024-02-29 21:10:54.847 JST [5933] FATAL:  管理者コマンドにより接続を終了しています
2024-02-29 21:10:54.864 JST [5779] LOG:  バックグラウンドワーカー"logical replication launcher" (PID 5800)は終了コード1で終了しました
2024-02-29 21:10:54.865 JST [5783] LOG:  シャットダウンしています
2024-02-29 21:10:55.445 JST [5783] LOG:  チェックポイント開始: shutdown immediate
2024-02-29 21:10:55.461 JST [5783] LOG:  チェックポイント完了: 0個のバッファを出力 (0.0%); 0個のWALファイルを追加、0個を削除、0個を再利用; 書き出し=0.002秒, 同期=0.001秒, 全体=0.019秒; 同期したファイル=0, 最長=0.000秒, 平均=0.000秒; 距離=16384 kB, 予測=16384 kB
2024-02-29 21:10:55.679 JST [5779] LOG:  データベースシステムはシャットダウンしました
2024-02-29 23:44:44.679 JST [1217] LOG:  PostgreSQL 15.6 on x86_64-pc-linux-gnu, compiled by gcc (GCC) 4.8.5 20150623 (Red Hat 4.8.5-44), 64-bit を起動しています
2024-02-29 23:44:44.681 JST [1217] LOG:  IPv4アドレス"0.0.0.0"、ポート5432で待ち受けています
2024-02-29 23:44:44.681 JST [1217] LOG:  IPv6アドレス"::"、ポート5432で待ち受けています
2024-02-29 23:44:44.681 JST [1217] LOG:  Unixソケット"/run/postgresql/.s.PGSQL.5432"で待ち受けています
2024-02-29 23:44:44.682 JST [1217] LOG:  Unixソケット"/tmp/.s.PGSQL.5432"で待ち受けています
2024-02-29 23:44:44.728 JST [1250] LOG:  データベースシステムは 2024-02-29 21:10:55 JST にシャットダウンしました
2024-02-29 23:44:44.778 JST [1217] LOG:  データベースシステムの接続受け付け準備が整いました
2024-02-29 23:49:44.806 JST [1245] LOG:  チェックポイント開始: time
2024-02-29 23:49:44.814 JST [1245] LOG:  チェックポイント完了: 3個のバッファを出力 (0.0%); 0個のWALファイルを追加、0個を削除、1個を再利用; 書き出し=0.003秒, 同期=0.001秒, 全体=0.010秒; 同期したファイル=2, 最長=0.001秒, 平均=0.001秒; 距離=0 kB, 予測=0 kB
2024-03-07 10:31:53.894 JST [1215] LOG:  PostgreSQL 15.6 on x86_64-pc-linux-gnu, compiled by gcc (GCC) 4.8.5 20150623 (Red Hat 4.8.5-44), 64-bit を起動しています
2024-03-07 10:31:53.894 JST [1215] LOG:  IPv4アドレス"0.0.0.0"、ポート5432で待ち受けています
2024-03-07 10:31:53.894 JST [1215] LOG:  IPv6アドレス"::"、ポート5432で待ち受けています
2024-03-07 10:31:53.895 JST [1215] LOG:  Unixソケット"/run/postgresql/.s.PGSQL.5432"で待ち受けています
2024-03-07 10:31:53.896 JST [1215] LOG:  Unixソケット"/tmp/.s.PGSQL.5432"で待ち受けています
2024-03-07 10:31:53.932 JST [1246] LOG:  データベースシステムは 2024-03-05 00:13:04 JST にシャットダウンしました
2024-03-07 10:31:53.948 JST [1215] LOG:  データベースシステムの接続受け付け準備が整いました
2024-03-07 10:36:53.540 JST [1244] LOG:  チェックポイント開始: time
2024-03-07 10:36:53.558 JST [1244] LOG:  チェックポイント完了: 3個のバッファを出力 (0.0%); 0個のWALファイルを追加、0個を削除、1個を再利用; 書き出し=0.004秒, 同期=0.001秒, 全体=0.035秒; 同期したファイル=2, 最長=0.001秒, 平均=0.001秒; 距離=0 kB, 予測=0 kB
2024-03-07 14:49:20.560 JST [1215] LOG:  高速シャットダウン要求を受け取りました
2024-03-07 14:49:20.692 JST [1215] LOG:  活動中の全トランザクションをアボートしています
2024-03-07 14:49:20.705 JST [1215] LOG:  バックグラウンドワーカー"logical replication launcher" (PID 1253)は終了コード1で終了しました
2024-03-07 14:49:20.705 JST [1244] LOG:  シャットダウンしています
2024-03-07 14:49:21.239 JST [1244] LOG:  チェックポイント開始: shutdown immediate
2024-03-07 14:49:21.274 JST [1244] LOG:  チェックポイント完了: 0個のバッファを出力 (0.0%); 0個のWALファイルを追加、0個を削除、0個を再利用; 書き出し=0.004秒, 同期=0.001秒, 全体=0.114秒; 同期したファイル=0, 最長=0.000秒, 平均=0.000秒; 距離=16383 kB, 予測=16383 kB
2024-03-07 22:46:04.467 JST [1223] LOG:  PostgreSQL 15.6 on x86_64-pc-linux-gnu, compiled by gcc (GCC) 4.8.5 20150623 (Red Hat 4.8.5-44), 64-bit を起動しています
2024-03-07 22:46:04.471 JST [1223] LOG:  IPv4アドレス"0.0.0.0"、ポート5432で待ち受けています
2024-03-07 22:46:04.472 JST [1223] LOG:  IPv6アドレス"::"、ポート5432で待ち受けています
2024-03-07 22:46:04.478 JST [1223] LOG:  Unixソケット"/run/postgresql/.s.PGSQL.5432"で待ち受けています
2024-03-07 22:46:04.490 JST [1223] LOG:  Unixソケット"/tmp/.s.PGSQL.5432"で待ち受けています
2024-03-07 22:46:04.649 JST [1255] LOG:  データベースシステムは 2024-03-07 14:49:21 JST にシャットダウンしました
2024-03-07 22:46:04.859 JST [1223] LOG:  データベースシステムの接続受け付け準備が整いました
2024-03-07 22:51:04.710 JST [1253] LOG:  チェックポイント開始: time
2024-03-07 22:51:04.732 JST [1253] LOG:  チェックポイント完了: 3個のバッファを出力 (0.0%); 0個のWALファイルを追加、0個を削除、1個を再利用; 書き出し=0.007秒, 同期=0.002秒, 全体=0.040秒; 同期したファイル=2, 最長=0.001秒, 平均=0.001秒; 距離=0 kB, 予測=0 kB
2024-03-07 23:00:30.539 JST [1253] LOG:  チェックポイント開始: force wait
2024-03-07 23:00:30.560 JST [1253] LOG:  チェックポイント完了: 0個のバッファを出力 (0.0%); 0個のWALファイルを追加、0個を削除、0個を再利用; 書き出し=0.002秒, 同期=0.001秒, 全体=0.021秒; 同期したファイル=0, 最長=0.000秒, 平均=0.000秒; 距離=16383 kB, 予測=16383 kB
2024-03-07 23:00:30.823 JST [3467] FATAL:  要求されたスタンバイ接続が max_wal_senders を超えています（現在は 2）
2024-03-07 23:00:30.832 JST [3464] LOG:  クライアントにデータを送信できませんでした: Broken pipe
2024-03-07 23:00:30.832 JST [3464] 文:  BASE_BACKUP ( LABEL 'pg_basebackup base backup',  PROGRESS,  WAIT 0,  TABLESPACE_MAP,  MANIFEST 'yes',  TARGET 'client')
2024-03-07 23:00:30.834 JST [3464] FATAL:  クライアントへの接続が切れました。
2024-03-07 23:00:30.834 JST [3464] 文:  BASE_BACKUP ( LABEL 'pg_basebackup base backup',  PROGRESS,  WAIT 0,  TABLESPACE_MAP,  MANIFEST 'yes',  TARGET 'client')
2024-03-07 23:00:41.146 JST [1253] LOG:  チェックポイント開始: force wait
2024-03-07 23:00:41.188 JST [1253] LOG:  チェックポイント完了: 0個のバッファを出力 (0.0%); 0個のWALファイルを追加、0個を削除、1個を再利用; 書き出し=0.001秒, 同期=0.001秒, 全体=0.043秒; 同期したファイル=0, 最長=0.000秒, 平均=0.000秒; 距離=16384 kB, 予測=16384 kB
2024-03-07 23:00:41.264 JST [3481] FATAL:  要求されたスタンバイ接続が max_wal_senders を超えています（現在は 2）
2024-03-07 23:00:41.275 JST [3479] LOG:  クライアントにデータを送信できませんでした: Broken pipe
2024-03-07 23:00:41.275 JST [3479] 文:  BASE_BACKUP ( LABEL 'pg_basebackup base backup',  PROGRESS,  WAIT 0,  TABLESPACE_MAP,  MANIFEST 'yes',  TARGET 'client')
2024-03-07 23:00:41.337 JST [3479] FATAL:  クライアントへの接続が切れました。
2024-03-07 23:00:41.337 JST [3479] 文:  BASE_BACKUP ( LABEL 'pg_basebackup base backup',  PROGRESS,  WAIT 0,  TABLESPACE_MAP,  MANIFEST 'yes',  TARGET 'client')
2024-03-07 23:04:59.368 JST [1223] LOG:  高速シャットダウン要求を受け取りました
2024-03-07 23:04:59.375 JST [1223] LOG:  活動中の全トランザクションをアボートしています
2024-03-07 23:04:59.398 JST [1223] LOG:  バックグラウンドワーカー"logical replication launcher" (PID 1262)は終了コード1で終了しました
2024-03-07 23:04:59.418 JST [1253] LOG:  シャットダウンしています
2024-03-07 23:04:59.557 JST [1253] LOG:  チェックポイント開始: shutdown immediate
2024-03-07 23:04:59.643 JST [1253] LOG:  チェックポイント完了: 0個のバッファを出力 (0.0%); 0個のWALファイルを追加、0個を削除、1個を再利用; 書き出し=0.003秒, 同期=0.001秒, 全体=0.093秒; 同期したファイル=0, 最長=0.000秒, 平均=0.000秒; 距離=16384 kB, 予測=16384 kB
2024-03-07 23:04:59.836 JST [1223] LOG:  データベースシステムはシャットダウンしました
2024-03-07 23:04:59.993 JST [3927] LOG:  PostgreSQL 15.6 on x86_64-pc-linux-gnu, compiled by gcc (GCC) 4.8.5 20150623 (Red Hat 4.8.5-44), 64-bit を起動しています
2024-03-07 23:04:59.993 JST [3927] LOG:  IPv4アドレス"0.0.0.0"、ポート5432で待ち受けています
2024-03-07 23:04:59.993 JST [3927] LOG:  IPv6アドレス"::"、ポート5432で待ち受けています
2024-03-07 23:04:59.998 JST [3927] LOG:  Unixソケット"/run/postgresql/.s.PGSQL.5432"で待ち受けています
2024-03-07 23:05:00.000 JST [3927] LOG:  Unixソケット"/tmp/.s.PGSQL.5432"で待ち受けています
2024-03-07 23:05:00.037 JST [3932] LOG:  データベースシステムは 2024-03-07 23:04:59 JST にシャットダウンしました
2024-03-07 23:05:00.049 JST [3927] LOG:  データベースシステムの接続受け付け準備が整いました
2024-03-07 23:05:04.933 JST [3999] LOG:  スタンバイ"walreceiver"は優先度1の同期スタンバイになりました
2024-03-07 23:05:04.933 JST [3999] 文:  START_REPLICATION 0/51000000 TIMELINE 5
2024-03-07 23:05:37.498 JST [3930] LOG:  チェックポイント開始: force wait
2024-03-07 23:05:37.549 JST [3930] LOG:  チェックポイント完了: 3個のバッファを出力 (0.0%); 0個のWALファイルを追加、0個を削除、1個を再利用; 書き出し=0.005秒, 同期=0.019秒, 全体=0.053秒; 同期したファイル=2, 最長=0.013秒, 平均=0.009秒; 距離=16384 kB, 予測=16384 kB
