2024-03-02 00:39:45.801 JST [2368] LOG:  プライマリサーバーによりレプリケーションが打ち切られました
2024-03-02 00:39:45.801 JST [2368] 詳細:  タイムライン2の0/290000A0でWALの最後に達しました
2024-03-02 00:39:45.802 JST [2368] FATAL:  プライマリにストリーミングの終了メッセージを送信できませんでした: サーバーとの接続が想定外にクローズされました
	        おそらく要求の処理前または処理中にサーバーが異常終了
	        したことを意味しています。
	実行中のCOPYはありません
cp: `/var/lib/pgsql/15/archivedir/00000003.history' を stat できません: そのようなファイルやディレクトリはありません
cp: `/var/lib/pgsql/15/archivedir/000000020000000000000029' を stat できません: そのようなファイルやディレクトリはありません
2024-03-02 00:39:45.827 JST [2362] LOG:  0/290000A0のレコード長が不正です:長さは24である必要がありますが、実際は0でした
2024-03-02 00:39:45.878 JST [4184] FATAL:  プライマリサーバーへの接続ができませんでした: "192.168.230.128"、ポート5432のサーバーへの接続に失敗しました: FATAL:  データベースシステムはシャットダウンしています
cp: `/var/lib/pgsql/15/archivedir/00000003.history' を stat できません: そのようなファイルやディレクトリはありません
2024-03-02 00:39:45.889 JST [2362] LOG:  waiting for WAL to become available at 0/290000B8
2024-03-02 00:39:47.102 JST [2360] LOG:  リスタートポイント開始: time
2024-03-02 00:39:47.113 JST [2360] LOG:  リスタートポイント完了: 0個のバッファを出力 (0.0%); 0個のWALファイルを追加、1個を削除、0個を再利用; 書き出し=0.002秒, 同期=0.001秒, 全体=0.011秒; 同期したファイル=0, 最長=0.000秒, 平均=0.000秒; 距離=16381 kB, 予測=16381 kB
2024-03-02 00:39:47.113 JST [2360] LOG:  リカバリ再開ポイントは0/29000028です
2024-03-02 00:39:47.113 JST [2360] 詳細:  最後に完了したトランザクションはログ時刻 2024-03-01 14:37:12.449069+09 のものです
2024-03-02 00:39:47.906 JST [2357] LOG:  高速シャットダウン要求を受け取りました
2024-03-02 00:39:47.934 JST [2357] LOG:  活動中の全トランザクションをアボートしています
2024-03-02 00:39:47.945 JST [2360] LOG:  シャットダウンしています
2024-03-02 00:39:47.958 JST [2357] LOG:  データベースシステムはシャットダウンしました
2024-03-16 11:33:03.283 JST [1345] LOG:  starting PostgreSQL 15.6 on x86_64-pc-linux-gnu, compiled by gcc (GCC) 4.8.5 20150623 (Red Hat 4.8.5-44), 64-bit
2024-03-16 11:33:03.284 JST [1345] LOG:  listening on IPv4 address "0.0.0.0", port 5432
2024-03-16 11:33:03.284 JST [1345] LOG:  listening on IPv6 address "::", port 5432
2024-03-16 11:33:03.284 JST [1345] LOG:  listening on Unix socket "/run/postgresql/.s.PGSQL.5432"
2024-03-16 11:33:03.287 JST [1345] LOG:  listening on Unix socket "/tmp/.s.PGSQL.5432"
2024-03-16 11:33:03.306 JST [1372] LOG:  database system was shut down at 2024-03-13 14:20:31 JST
2024-03-16 11:33:03.356 JST [1345] LOG:  database system is ready to accept connections
