2024-02-25 00:02:06.828 JST [1206] LOG:  高速シャットダウン要求を受け取りました
2024-02-25 00:02:06.859 JST [1206] LOG:  活動中の全トランザクションをアボートしています
2024-02-25 00:02:06.874 JST [1206] LOG:  バックグラウンドワーカー"logical replication launcher" (PID 1245)は終了コード1で終了しました
2024-02-25 00:02:06.929 JST [1236] LOG:  シャットダウンしています
2024-02-25 00:02:07.629 JST [1236] LOG:  チェックポイント開始: shutdown immediate
2024-02-25 00:02:07.652 JST [1236] LOG:  チェックポイント完了: 0個のバッファを出力 (0.0%); 0個のWALファイルを追加、0個を削除、0個を再利用; 書き出し=0.002秒, 同期=0.001秒, 全体=0.041秒; 同期したファイル=0, 最長=0.000秒, 平均=0.000秒; 距離=16253 kB, 予測=16253 kB
2024-02-25 00:02:07.824 JST [1206] LOG:  データベースシステムはシャットダウンしました
2024-02-25 00:07:59.898 JST [1226] LOG:  PostgreSQL 15.6 on x86_64-pc-linux-gnu, compiled by gcc (GCC) 4.8.5 20150623 (Red Hat 4.8.5-44), 64-bit を起動しています
2024-02-25 00:07:59.898 JST [1226] LOG:  IPv4アドレス"0.0.0.0"、ポート5432で待ち受けています
2024-02-25 00:07:59.901 JST [1226] LOG:  IPv6アドレス"::"、ポート5432で待ち受けています
2024-02-25 00:07:59.902 JST [1226] LOG:  Unixソケット"/run/postgresql/.s.PGSQL.5432"で待ち受けています
2024-02-25 00:07:59.906 JST [1226] LOG:  Unixソケット"/tmp/.s.PGSQL.5432"で待ち受けています
2024-02-25 00:07:59.941 JST [1251] LOG:  データベースシステムは 2024-02-25 00:02:07 JST にシャットダウンしました
2024-02-25 00:07:59.998 JST [1226] LOG:  データベースシステムの接続受け付け準備が整いました
2024-02-25 00:09:59.431 JST [1249] LOG:  チェックポイント開始: force wait
2024-02-25 00:09:59.640 JST [1249] LOG:  チェックポイント完了: 5個のバッファを出力 (0.0%); 0個のWALファイルを追加、0個を削除、2個を再利用; 書き出し=0.203秒, 同期=0.001秒, 全体=0.209秒; 同期したファイル=4, 最長=0.001秒, 平均=0.001秒; 距離=16384 kB, 予測=16384 kB
2024-02-25 00:13:38.233 JST [1226] LOG:  高速シャットダウン要求を受け取りました
2024-02-25 00:13:38.241 JST [1226] LOG:  活動中の全トランザクションをアボートしています
2024-02-25 00:13:38.241 JST [2146] FATAL:  管理者コマンドにより接続を終了しています
2024-02-25 00:13:38.249 JST [1226] LOG:  バックグラウンドワーカー"logical replication launcher" (PID 1256)は終了コード1で終了しました
2024-02-25 00:13:38.346 JST [1249] LOG:  シャットダウンしています
2024-02-25 00:13:38.599 JST [1249] LOG:  チェックポイント開始: shutdown immediate
2024-02-25 00:13:38.621 JST [1249] LOG:  チェックポイント完了: 0個のバッファを出力 (0.0%); 0個のWALファイルを追加、0個を削除、1個を再利用; 書き出し=0.001秒, 同期=0.001秒, 全体=0.028秒; 同期したファイル=0, 最長=0.000秒, 平均=0.000秒; 距離=32767 kB, 予測=32767 kB
2024-02-25 00:13:38.966 JST [1226] LOG:  データベースシステムはシャットダウンしました
2024-02-25 00:21:48.519 JST [1353] LOG:  PostgreSQL 15.6 on x86_64-pc-linux-gnu, compiled by gcc (GCC) 4.8.5 20150623 (Red Hat 4.8.5-44), 64-bit を起動しています
2024-02-25 00:21:48.522 JST [1353] LOG:  IPv4アドレス"0.0.0.0"、ポート5432で待ち受けています
2024-02-25 00:21:48.522 JST [1353] LOG:  IPv6アドレス"::"、ポート5432で待ち受けています
2024-02-25 00:21:48.524 JST [1353] LOG:  Unixソケット"/run/postgresql/.s.PGSQL.5432"で待ち受けています
2024-02-25 00:21:48.528 JST [1353] LOG:  Unixソケット"/tmp/.s.PGSQL.5432"で待ち受けています
2024-02-25 00:21:48.564 JST [1388] LOG:  データベースシステムは 2024-02-25 00:13:38 JST にシャットダウンしました
2024-02-25 00:21:48.603 JST [1353] LOG:  データベースシステムの接続受け付け準備が整いました
2024-02-25 00:25:42.727 JST [1353] LOG:  高速シャットダウン要求を受け取りました
2024-02-25 00:25:42.729 JST [1353] LOG:  活動中の全トランザクションをアボートしています
2024-02-25 00:25:42.734 JST [1353] LOG:  バックグラウンドワーカー"logical replication launcher" (PID 1394)は終了コード1で終了しました
2024-02-25 00:25:42.734 JST [1386] LOG:  シャットダウンしています
2024-02-25 00:25:42.796 JST [1386] LOG:  チェックポイント開始: shutdown immediate
2024-02-25 00:25:42.824 JST [1386] LOG:  チェックポイント完了: 3個のバッファを出力 (0.0%); 0個のWALファイルを追加、0個を削除、2個を再利用; 書き出し=0.002秒, 同期=0.011秒, 全体=0.030秒; 同期したファイル=2, 最長=0.010秒, 平均=0.006秒; 距離=16384 kB, 予測=16384 kB
2024-02-25 00:25:42.826 JST [2225] ERROR:  要求された WAL セグメント 00000001000000000000001D はすでに削除されています
2024-02-25 00:25:42.826 JST [2225] 文:  START_REPLICATION 0/1D000000 TIMELINE 1
2024-02-25 00:25:42.866 JST [2241] LOG:  PostgreSQL 15.6 on x86_64-pc-linux-gnu, compiled by gcc (GCC) 4.8.5 20150623 (Red Hat 4.8.5-44), 64-bit を起動しています
2024-02-25 00:25:42.867 JST [2241] LOG:  IPv4アドレス"0.0.0.0"、ポート5432で待ち受けています
2024-02-25 00:25:42.867 JST [2241] LOG:  IPv6アドレス"::"、ポート5432で待ち受けています
2024-02-25 00:25:42.868 JST [2241] LOG:  Unixソケット"/run/postgresql/.s.PGSQL.5432"で待ち受けています
2024-02-25 00:25:42.869 JST [2241] LOG:  Unixソケット"/tmp/.s.PGSQL.5432"で待ち受けています
2024-02-25 00:25:42.872 JST [2246] LOG:  データベースシステムは 2024-02-25 00:25:42 JST にシャットダウンしました
2024-02-25 00:25:42.876 JST [2241] LOG:  データベースシステムの接続受け付け準備が整いました
2024-02-25 00:30:18.736 JST [2458] FATAL:  データベース"nakayama　-U"は存在しません
2024-02-25 00:30:23.337 JST [2463] FATAL:  データベース"nakayama　-U"は存在しません
2024-02-25 00:30:42.953 JST [2244] LOG:  チェックポイント開始: time
2024-02-25 00:30:42.958 JST [2244] LOG:  チェックポイント完了: 3個のバッファを出力 (0.0%); 0個のWALファイルを追加、0個を削除、0個を再利用; 書き出し=0.002秒, 同期=0.002秒, 全体=0.005秒; 同期したファイル=2, 最長=0.001秒, 平均=0.001秒; 距離=0 kB, 予測=0 kB
2024-02-25 00:30:52.579 JST [2493] FATAL:  データベース"nakayama　-U"は存在しません
2024-02-25 00:31:46.456 JST [2539] FATAL:  データベース"nakayama　-U"は存在しません
2024-02-25 00:32:49.656 JST [2241] LOG:  高速シャットダウン要求を受け取りました
2024-02-25 00:32:49.657 JST [2241] LOG:  活動中の全トランザクションをアボートしています
2024-02-25 00:32:49.663 JST [2241] LOG:  バックグラウンドワーカー"logical replication launcher" (PID 2250)は終了コード1で終了しました
2024-02-25 00:32:49.663 JST [2244] LOG:  シャットダウンしています
2024-02-25 00:32:49.781 JST [2244] LOG:  チェックポイント開始: shutdown immediate
2024-02-25 00:32:49.785 JST [2244] LOG:  チェックポイント完了: 0個のバッファを出力 (0.0%); 0個のWALファイルを追加、0個を削除、0個を再利用; 書き出し=0.002秒, 同期=0.001秒, 全体=0.014秒; 同期したファイル=0, 最長=0.000秒, 平均=0.000秒; 距離=16383 kB, 予測=16383 kB
2024-02-25 00:32:49.986 JST [2241] LOG:  データベースシステムはシャットダウンしました
2024-02-25 00:56:40.647 JST [2893] LOG:  PostgreSQL 15.6 on x86_64-pc-linux-gnu, compiled by gcc (GCC) 4.8.5 20150623 (Red Hat 4.8.5-44), 64-bit を起動しています
2024-02-25 00:56:40.648 JST [2893] LOG:  IPv4アドレス"0.0.0.0"、ポート5432で待ち受けています
2024-02-25 00:56:40.648 JST [2893] LOG:  IPv6アドレス"::"、ポート5432で待ち受けています
2024-02-25 00:56:40.649 JST [2893] LOG:  Unixソケット"/run/postgresql/.s.PGSQL.5432"で待ち受けています
2024-02-25 00:56:40.650 JST [2893] LOG:  Unixソケット"/tmp/.s.PGSQL.5432"で待ち受けています
2024-02-25 00:56:40.655 JST [2898] LOG:  データベースシステムは 2024-02-25 00:32:49 JST にシャットダウンしました
2024-02-25 00:56:40.659 JST [2893] LOG:  データベースシステムの接続受け付け準備が整いました
2024-02-25 01:01:40.749 JST [2896] LOG:  チェックポイント開始: time
2024-02-25 01:01:40.764 JST [2896] LOG:  チェックポイント完了: 3個のバッファを出力 (0.0%); 0個のWALファイルを追加、0個を削除、1個を再利用; 書き出し=0.002秒, 同期=0.002秒, 全体=0.015秒; 同期したファイル=2, 最長=0.001秒, 平均=0.001秒; 距離=0 kB, 予測=0 kB
2024-02-25 02:15:04.039 JST [2893] LOG:  高速シャットダウン要求を受け取りました
2024-02-25 02:15:04.148 JST [2893] LOG:  活動中の全トランザクションをアボートしています
2024-02-25 02:15:04.170 JST [2893] LOG:  バックグラウンドワーカー"logical replication launcher" (PID 2902)は終了コード1で終了しました
2024-02-25 02:15:04.171 JST [2896] LOG:  シャットダウンしています
2024-02-25 02:15:05.269 JST [2896] LOG:  チェックポイント開始: shutdown immediate
2024-02-25 02:15:05.378 JST [2896] LOG:  チェックポイント完了: 0個のバッファを出力 (0.0%); 0個のWALファイルを追加、0個を削除、0個を再利用; 書き出し=0.062秒, 同期=0.001秒, 全体=0.121秒; 同期したファイル=0, 最長=0.000秒, 平均=0.000秒; 距離=16383 kB, 予測=16383 kB
2024-02-25 02:15:05.801 JST [2893] LOG:  データベースシステムはシャットダウンしました
2024-03-10 09:24:31.980 JST [1352] LOG:  PostgreSQL 15.6 on x86_64-pc-linux-gnu, compiled by gcc (GCC) 4.8.5 20150623 (Red Hat 4.8.5-44), 64-bit を起動しています
2024-03-10 09:24:31.980 JST [1352] LOG:  IPv4アドレス"0.0.0.0"、ポート5432で待ち受けています
2024-03-10 09:24:31.980 JST [1352] LOG:  IPv6アドレス"::"、ポート5432で待ち受けています
2024-03-10 09:24:31.981 JST [1352] LOG:  Unixソケット"/run/postgresql/.s.PGSQL.5432"で待ち受けています
2024-03-10 09:24:31.981 JST [1352] LOG:  Unixソケット"/tmp/.s.PGSQL.5432"で待ち受けています
2024-03-10 09:24:32.027 JST [1390] LOG:  データベースシステムは 2024-03-08 23:52:31 JST にシャットダウンしました
2024-03-10 09:24:32.075 JST [1352] LOG:  データベースシステムの接続受け付け準備が整いました
2024-03-10 09:29:32.068 JST [1388] LOG:  チェックポイント開始: time
2024-03-10 09:29:32.079 JST [1388] LOG:  チェックポイント完了: 3個のバッファを出力 (0.0%); 0個のWALファイルを追加、0個を削除、1個を再利用; 書き出し=0.004秒, 同期=0.001秒, 全体=0.016秒; 同期したファイル=2, 最長=0.001秒, 平均=0.001秒; 距離=0 kB, 予測=0 kB
2024-03-10 09:33:56.471 JST [1352] LOG:  高速シャットダウン要求を受け取りました
2024-03-10 09:33:56.494 JST [1352] LOG:  活動中の全トランザクションをアボートしています
2024-03-10 09:33:56.516 JST [1352] LOG:  バックグラウンドワーカー"logical replication launcher" (PID 1397)は終了コード1で終了しました
2024-03-10 09:33:56.517 JST [1388] LOG:  シャットダウンしています
2024-03-10 09:33:56.577 JST [1388] LOG:  チェックポイント開始: shutdown immediate
2024-03-10 09:33:56.581 JST [1388] LOG:  チェックポイント完了: 0個のバッファを出力 (0.0%); 0個のWALファイルを追加、0個を削除、0個を再利用; 書き出し=0.001秒, 同期=0.001秒, 全体=0.005秒; 同期したファイル=0, 最長=0.000秒, 平均=0.000秒; 距離=16383 kB, 予測=16383 kB
2024-03-10 09:33:56.658 JST [3736] LOG:  PostgreSQL 15.6 on x86_64-pc-linux-gnu, compiled by gcc (GCC) 4.8.5 20150623 (Red Hat 4.8.5-44), 64-bit を起動しています
2024-03-10 09:33:56.659 JST [3736] LOG:  IPv4アドレス"0.0.0.0"、ポート5432で待ち受けています
2024-03-10 09:33:56.659 JST [3736] LOG:  IPv6アドレス"::"、ポート5432で待ち受けています
2024-03-10 09:33:56.661 JST [3736] LOG:  Unixソケット"/run/postgresql/.s.PGSQL.5432"で待ち受けています
2024-03-10 09:33:56.665 JST [3736] LOG:  Unixソケット"/tmp/.s.PGSQL.5432"で待ち受けています
2024-03-10 09:33:56.673 JST [3741] LOG:  データベースシステムは 2024-03-10 09:33:56 JST にシャットダウンしました
2024-03-10 09:33:56.682 JST [3736] LOG:  データベースシステムの接続受け付け準備が整いました
2024-03-10 09:36:17.360 JST [3739] LOG:  チェックポイント開始: force wait
2024-03-10 09:36:17.385 JST [3739] LOG:  チェックポイント完了: 3個のバッファを出力 (0.0%); 0個のWALファイルを追加、0個を削除、2個を再利用; 書き出し=0.002秒, 同期=0.002秒, 全体=0.025秒; 同期したファイル=2, 最長=0.001秒, 平均=0.001秒; 距離=16384 kB, 予測=16384 kB
2024-03-10 09:40:49.219 JST [3736] LOG:  高速シャットダウン要求を受け取りました
2024-03-10 09:40:49.227 JST [3736] LOG:  活動中の全トランザクションをアボートしています
2024-03-10 09:40:49.234 JST [3736] LOG:  バックグラウンドワーカー"logical replication launcher" (PID 3745)は終了コード1で終了しました
2024-03-10 09:40:49.234 JST [3739] LOG:  シャットダウンしています
2024-03-10 09:40:49.292 JST [3739] LOG:  チェックポイント開始: shutdown immediate
2024-03-10 09:40:49.333 JST [3739] LOG:  チェックポイント完了: 0個のバッファを出力 (0.0%); 0個のWALファイルを追加、0個を削除、2個を再利用; 書き出し=0.001秒, 同期=0.001秒, 全体=0.043秒; 同期したファイル=0, 最長=0.000秒, 平均=0.000秒; 距離=32768 kB, 予測=32768 kB
2024-03-10 09:40:49.367 JST [4407] LOG:  PostgreSQL 15.6 on x86_64-pc-linux-gnu, compiled by gcc (GCC) 4.8.5 20150623 (Red Hat 4.8.5-44), 64-bit を起動しています
2024-03-10 09:40:49.368 JST [4407] LOG:  IPv4アドレス"0.0.0.0"、ポート5432で待ち受けています
2024-03-10 09:40:49.368 JST [4407] LOG:  IPv6アドレス"::"、ポート5432で待ち受けています
2024-03-10 09:40:49.371 JST [4407] LOG:  Unixソケット"/run/postgresql/.s.PGSQL.5432"で待ち受けています
2024-03-10 09:41:25.186 JST [4456] LOG:  PostgreSQL 15.6 on x86_64-pc-linux-gnu, compiled by gcc (GCC) 4.8.5 20150623 (Red Hat 4.8.5-44), 64-bit を起動しています
2024-03-10 09:41:25.186 JST [4456] LOG:  IPv4アドレス"0.0.0.0"、ポート5432で待ち受けています
2024-03-10 09:41:25.187 JST [4456] LOG:  IPv6アドレス"::"、ポート5432で待ち受けています
2024-03-10 09:41:25.189 JST [4456] LOG:  Unixソケット"/run/postgresql/.s.PGSQL.5432"で待ち受けています
2024-03-10 09:42:25.990 JST [4520] LOG:  PostgreSQL 15.6 on x86_64-pc-linux-gnu, compiled by gcc (GCC) 4.8.5 20150623 (Red Hat 4.8.5-44), 64-bit を起動しています
2024-03-10 09:42:25.990 JST [4520] LOG:  IPv4アドレス"0.0.0.0"、ポート5432で待ち受けています
2024-03-10 09:42:25.990 JST [4520] LOG:  IPv6アドレス"::"、ポート5432で待ち受けています
2024-03-10 09:42:26.004 JST [4520] LOG:  Unixソケット"/run/postgresql/.s.PGSQL.5432"で待ち受けています
2024-03-10 09:42:26.007 JST [4520] LOG:  Unixソケット"/tmp/.s.PGSQL.5432"で待ち受けています
2024-03-10 09:42:26.017 JST [4525] LOG:  データベースシステムは 2024-03-10 09:40:49 JST にシャットダウンしました
2024-03-10 09:42:26.023 JST [4520] LOG:  データベースシステムの接続受け付け準備が整いました
2024-03-10 09:43:47.343 JST [4523] LOG:  チェックポイント開始: force wait
2024-03-10 09:43:47.375 JST [4523] LOG:  チェックポイント完了: 3個のバッファを出力 (0.0%); 0個のWALファイルを追加、0個を削除、1個を再利用; 書き出し=0.002秒, 同期=0.017秒, 全体=0.032秒; 同期したファイル=2, 最長=0.017秒, 平均=0.009秒; 距離=16384 kB, 予測=16384 kB
2024-03-10 09:46:57.096 JST [4681] ERROR:  "'aaa'"またはその近辺で構文エラー(21文字目)
2024-03-10 09:46:57.096 JST [4681] 文:  insert into values ('aaa','iii');
2024-03-10 09:48:47.452 JST [4523] LOG:  チェックポイント開始: time
2024-03-10 09:48:47.559 JST [4523] LOG:  チェックポイント完了: 2個のバッファを出力 (0.0%); 0個のWALファイルを追加、0個を削除、1個を再利用; 書き出し=0.102秒, 同期=0.001秒, 全体=0.108秒; 同期したファイル=2, 最長=0.001秒, 平均=0.001秒; 距離=16385 kB, 予測=16385 kB
2024-03-10 09:57:28.917 JST [4520] LOG:  高速シャットダウン要求を受け取りました
2024-03-10 09:57:28.919 JST [4520] LOG:  活動中の全トランザクションをアボートしています
2024-03-10 09:57:28.925 JST [4520] LOG:  バックグラウンドワーカー"logical replication launcher" (PID 4529)は終了コード1で終了しました
2024-03-10 09:57:28.925 JST [4523] LOG:  シャットダウンしています
2024-03-10 09:57:29.023 JST [4523] LOG:  チェックポイント開始: shutdown immediate
2024-03-10 09:57:29.062 JST [4523] LOG:  チェックポイント完了: 0個のバッファを出力 (0.0%); 0個のWALファイルを追加、0個を削除、1個を再利用; 書き出し=0.001秒, 同期=0.001秒, 全体=0.041秒; 同期したファイル=0, 最長=0.000秒, 平均=0.000秒; 距離=16382 kB, 予測=16385 kB
2024-03-10 09:57:29.121 JST [5096] LOG:  PostgreSQL 15.6 on x86_64-pc-linux-gnu, compiled by gcc (GCC) 4.8.5 20150623 (Red Hat 4.8.5-44), 64-bit を起動しています
2024-03-10 09:57:29.121 JST [5096] LOG:  IPv4アドレス"0.0.0.0"、ポート5432で待ち受けています
2024-03-10 09:57:29.121 JST [5096] LOG:  IPv6アドレス"::"、ポート5432で待ち受けています
2024-03-10 09:57:29.124 JST [5096] LOG:  Unixソケット"/run/postgresql/.s.PGSQL.5432"で待ち受けています
2024-03-10 09:57:29.126 JST [5096] LOG:  Unixソケット"/tmp/.s.PGSQL.5432"で待ち受けています
2024-03-10 09:57:29.128 JST [5101] LOG:  データベースシステムは 2024-03-10 09:57:29 JST にシャットダウンしました
2024-03-10 09:57:29.135 JST [5096] LOG:  データベースシステムの接続受け付け準備が整いました
2024-03-10 09:59:23.899 JST [5099] LOG:  チェックポイント開始: immediate force wait
2024-03-10 09:59:23.965 JST [5099] LOG:  チェックポイント完了: 3個のバッファを出力 (0.0%); 0個のWALファイルを追加、0個を削除、0個を再利用; 書き出し=0.003秒, 同期=0.026秒, 全体=0.066秒; 同期したファイル=2, 最長=0.025秒, 平均=0.013秒; 距離=16384 kB, 予測=16384 kB
2024-03-10 10:04:24.037 JST [5099] LOG:  チェックポイント開始: time
2024-03-10 10:04:24.042 JST [5099] LOG:  チェックポイント完了: 0個のバッファを出力 (0.0%); 0個のWALファイルを追加、0個を削除、0個を再利用; 書き出し=0.002秒, 同期=0.001秒, 全体=0.006秒; 同期したファイル=0, 最長=0.000秒, 平均=0.000秒; 距離=16384 kB, 予測=16384 kB
2024-03-10 10:11:41.457 JST [5096] LOG:  高速シャットダウン要求を受け取りました
2024-03-10 10:11:41.474 JST [5096] LOG:  活動中の全トランザクションをアボートしています
2024-03-10 10:11:41.493 JST [5096] LOG:  バックグラウンドワーカー"logical replication launcher" (PID 5105)は終了コード1で終了しました
2024-03-10 10:11:41.493 JST [5099] LOG:  シャットダウンしています
2024-03-10 10:11:43.660 JST [5099] LOG:  チェックポイント開始: shutdown immediate
2024-03-10 10:11:43.712 JST [5099] LOG:  チェックポイント完了: 0個のバッファを出力 (0.0%); 0個のWALファイルを追加、0個を削除、0個を再利用; 書き出し=0.002秒, 同期=0.001秒, 全体=0.059秒; 同期したファイル=0, 最長=0.000秒, 平均=0.000秒; 距離=16383 kB, 予測=16384 kB
2024-03-10 10:11:43.996 JST [5096] LOG:  データベースシステムはシャットダウンしました
