2024-03-01 00:26:41.125 JST [4884] ERROR:  リレーション"login_table"の列"id"は存在しません(25文字目)
2024-03-01 00:26:41.125 JST [4884] 文:  insert into login_table(id, mail_address) values ($1,$2)
2024-03-01 00:29:45.417 JST [1245] LOG:  チェックポイント開始: time
2024-03-01 00:29:45.525 JST [1245] LOG:  チェックポイント完了: 1個のバッファを出力 (0.0%); 0個のWALファイルを追加、0個を削除、0個を再利用; 書き出し=0.103秒, 同期=0.001秒, 全体=0.108秒; 同期したファイル=1, 最長=0.001秒, 平均=0.001秒; 距離=0 kB, 予測=0 kB
2024-03-01 00:34:45.624 JST [1245] LOG:  チェックポイント開始: time
2024-03-01 00:34:45.728 JST [1245] LOG:  チェックポイント完了: 2個のバッファを出力 (0.0%); 0個のWALファイルを追加、0個を削除、0個を再利用; 書き出し=0.102秒, 同期=0.001秒, 全体=0.104秒; 同期したファイル=2, 最長=0.001秒, 平均=0.001秒; 距離=1 kB, 予測=1 kB
2024-03-01 00:39:45.816 JST [1245] LOG:  チェックポイント開始: time
2024-03-01 00:39:45.921 JST [1245] LOG:  チェックポイント完了: 2個のバッファを出力 (0.0%); 0個のWALファイルを追加、0個を削除、0個を再利用; 書き出し=0.102秒, 同期=0.001秒, 全体=0.106秒; 同期したファイル=2, 最長=0.001秒, 平均=0.001秒; 距離=0 kB, 予測=1 kB
2024-03-01 00:47:40.655 JST [1217] LOG:  高速シャットダウン要求を受け取りました
2024-03-01 00:47:40.656 JST [1217] LOG:  活動中の全トランザクションをアボートしています
2024-03-01 00:47:40.656 JST [5919] FATAL:  管理者コマンドにより接続を終了しています
2024-03-01 00:47:40.674 JST [1217] LOG:  バックグラウンドワーカー"logical replication launcher" (PID 1254)は終了コード1で終了しました
2024-03-01 00:47:40.674 JST [1245] LOG:  シャットダウンしています
2024-03-01 00:47:40.771 JST [1245] LOG:  チェックポイント開始: shutdown immediate
2024-03-01 00:47:40.787 JST [1245] LOG:  チェックポイント完了: 0個のバッファを出力 (0.0%); 0個のWALファイルを追加、0個を削除、0個を再利用; 書き出し=0.001秒, 同期=0.001秒, 全体=0.017秒; 同期したファイル=0, 最長=0.000秒, 平均=0.000秒; 距離=16381 kB, 予測=16381 kB
2024-03-01 00:47:40.855 JST [1217] LOG:  データベースシステムはシャットダウンしました
2024-03-01 00:47:40.947 JST [6052] LOG:  PostgreSQL 15.6 on x86_64-pc-linux-gnu, compiled by gcc (GCC) 4.8.5 20150623 (Red Hat 4.8.5-44), 64-bit を起動しています
2024-03-01 00:47:40.947 JST [6052] LOG:  IPv4アドレス"0.0.0.0"、ポート5432で待ち受けています
2024-03-01 00:47:40.947 JST [6052] LOG:  IPv6アドレス"::"、ポート5432で待ち受けています
2024-03-01 00:47:40.950 JST [6052] LOG:  Unixソケット"/run/postgresql/.s.PGSQL.5432"で待ち受けています
2024-03-01 00:47:40.952 JST [6052] LOG:  Unixソケット"/tmp/.s.PGSQL.5432"で待ち受けています
2024-03-01 00:47:40.962 JST [6057] LOG:  データベースシステムは 2024-03-01 00:47:40 JST にシャットダウンしました
2024-03-01 00:47:40.967 JST [6052] LOG:  データベースシステムの接続受け付け準備が整いました
2024-03-01 00:52:41.052 JST [6055] LOG:  チェックポイント開始: time
2024-03-01 00:52:41.161 JST [6055] LOG:  チェックポイント完了: 4個のバッファを出力 (0.0%); 0個のWALファイルを追加、0個を削除、1個を再利用; 書き出し=0.103秒, 同期=0.002秒, 全体=0.109秒; 同期したファイル=3, 最長=0.002秒, 平均=0.001秒; 距離=1 kB, 予測=1 kB
2024-03-01 01:35:21.148 JST [6052] LOG:  高速シャットダウン要求を受け取りました
2024-03-01 01:35:21.165 JST [6052] LOG:  活動中の全トランザクションをアボートしています
2024-03-01 01:35:21.175 JST [6052] LOG:  バックグラウンドワーカー"logical replication launcher" (PID 6061)は終了コード1で終了しました
2024-03-01 01:35:21.175 JST [6055] LOG:  シャットダウンしています
2024-03-01 01:35:21.848 JST [6055] LOG:  チェックポイント開始: shutdown immediate
2024-03-01 01:35:21.870 JST [6055] LOG:  チェックポイント完了: 0個のバッファを出力 (0.0%); 0個のWALファイルを追加、0個を削除、0個を再利用; 書き出し=0.004秒, 同期=0.001秒, 全体=0.060秒; 同期したファイル=0, 最長=0.000秒, 平均=0.000秒; 距離=16382 kB, 予測=16382 kB
2024-03-01 01:35:21.998 JST [6052] LOG:  データベースシステムはシャットダウンしました
2024-03-01 12:53:31.555 JST [1210] LOG:  PostgreSQL 15.6 on x86_64-pc-linux-gnu, compiled by gcc (GCC) 4.8.5 20150623 (Red Hat 4.8.5-44), 64-bit を起動しています
2024-03-01 12:53:31.555 JST [1210] LOG:  IPv4アドレス"0.0.0.0"、ポート5432で待ち受けています
2024-03-01 12:53:31.555 JST [1210] LOG:  IPv6アドレス"::"、ポート5432で待ち受けています
2024-03-01 12:53:31.555 JST [1210] LOG:  Unixソケット"/run/postgresql/.s.PGSQL.5432"で待ち受けています
2024-03-01 12:53:31.556 JST [1210] LOG:  Unixソケット"/tmp/.s.PGSQL.5432"で待ち受けています
2024-03-01 12:53:31.582 JST [1243] LOG:  データベースシステムは 2024-03-01 01:35:21 JST にシャットダウンしました
2024-03-01 12:53:31.614 JST [1210] LOG:  データベースシステムの接続受け付け準備が整いました
2024-03-01 12:58:31.675 JST [1239] LOG:  チェックポイント開始: time
2024-03-01 12:58:31.690 JST [1239] LOG:  チェックポイント完了: 3個のバッファを出力 (0.0%); 0個のWALファイルを追加、0個を削除、1個を再利用; 書き出し=0.005秒, 同期=0.002秒, 全体=0.022秒; 同期したファイル=2, 最長=0.001秒, 平均=0.001秒; 距離=0 kB, 予測=0 kB
2024-03-01 13:08:35.655 JST [1210] LOG:  高速シャットダウン要求を受け取りました
2024-03-01 13:08:35.673 JST [1210] LOG:  活動中の全トランザクションをアボートしています
2024-03-01 13:08:35.678 JST [1210] LOG:  バックグラウンドワーカー"logical replication launcher" (PID 1249)は終了コード1で終了しました
2024-03-01 13:08:35.681 JST [1239] LOG:  シャットダウンしています
2024-03-01 13:08:35.754 JST [1239] LOG:  チェックポイント開始: shutdown immediate
2024-03-01 13:08:35.769 JST [1239] LOG:  チェックポイント完了: 0個のバッファを出力 (0.0%); 0個のWALファイルを追加、0個を削除、0個を再利用; 書き出し=0.001秒, 同期=0.001秒, 全体=0.019秒; 同期したファイル=0, 最長=0.000秒, 平均=0.000秒; 距離=16383 kB, 予測=16383 kB
2024-03-01 13:12:56.751 JST [3519] LOG:  PostgreSQL 15.6 on x86_64-pc-linux-gnu, compiled by gcc (GCC) 4.8.5 20150623 (Red Hat 4.8.5-44), 64-bit を起動しています
2024-03-01 13:12:56.752 JST [3519] LOG:  IPv4アドレス"0.0.0.0"、ポート5432で待ち受けています
2024-03-01 13:12:56.752 JST [3519] LOG:  IPv6アドレス"::"、ポート5432で待ち受けています
2024-03-01 13:12:56.755 JST [3519] LOG:  Unixソケット"/run/postgresql/.s.PGSQL.5432"で待ち受けています
2024-03-01 13:12:56.756 JST [3519] LOG:  Unixソケット"/tmp/.s.PGSQL.5432"で待ち受けています
2024-03-01 13:12:56.765 JST [3524] LOG:  データベースシステムは 2024-03-01 13:08:35 JST にシャットダウンしました
2024-03-01 13:12:56.773 JST [3519] LOG:  データベースシステムの接続受け付け準備が整いました
2024-03-01 13:16:39.274 JST [3522] LOG:  チェックポイント開始: force wait
2024-03-01 13:16:39.370 JST [3522] LOG:  チェックポイント完了: 3個のバッファを出力 (0.0%); 0個のWALファイルを追加、0個を削除、2個を再利用; 書き出し=0.002秒, 同期=0.002秒, 全体=0.096秒; 同期したファイル=2, 最長=0.001秒, 平均=0.001秒; 距離=16384 kB, 予測=16384 kB
2024-03-01 13:16:39.399 JST [3628] LOG:  スタンバイ"pg_basebackup"は優先度1の同期スタンバイになりました
2024-03-01 13:16:39.399 JST [3628] 文:  START_REPLICATION SLOT "pg_basebackup_3628" 0/27000000 TIMELINE 2
2024-03-01 22:17:25.597 JST [2357] LOG:  PostgreSQL 15.6 on x86_64-pc-linux-gnu, compiled by gcc (GCC) 4.8.5 20150623 (Red Hat 4.8.5-44), 64-bit を起動しています
2024-03-01 22:17:25.597 JST [2357] LOG:  IPv4アドレス"0.0.0.0"、ポート5432で待ち受けています
2024-03-01 22:17:25.598 JST [2357] LOG:  IPv6アドレス"::"、ポート5432で待ち受けています
2024-03-01 22:17:25.600 JST [2357] LOG:  Unixソケット"/run/postgresql/.s.PGSQL.5432"で待ち受けています
2024-03-01 22:17:25.602 JST [2357] LOG:  Unixソケット"/tmp/.s.PGSQL.5432"で待ち受けています
2024-03-01 22:17:25.606 JST [2362] LOG:  データベースシステムは中断されました: 2024-03-01 13:16:39 JST まで動作していたことは確認できます
cp: `/var/lib/pgsql/15/archivedir/00000003.history' を stat できません: そのようなファイルやディレクトリはありません
2024-03-01 22:17:25.627 JST [2362] LOG:  スタンバイモードに入ります
2024-03-01 22:17:25.627 JST [2362] LOG:  タイムラインID 2上でREDO LSN 0/27000028、チェックポイントLSN 0/27000060からのバックアップ・リカバリを開始しました
2024-03-01 22:17:25.644 JST [2362] LOG:  ログファイル"00000002.history"をアーカイブからリストアしました
cp: `/var/lib/pgsql/15/archivedir/000000020000000000000027' を stat できません: そのようなファイルやディレクトリはありません
2024-03-01 22:17:25.655 JST [2362] LOG:  REDOを0/27000028から開始します
cp: `/var/lib/pgsql/15/archivedir/000000020000000000000028' を stat できません: そのようなファイルやディレクトリはありません
2024-03-01 22:17:25.662 JST [2362] LOG:  REDO LSN0/27000028、終了LSN 0/27000138のバックアップ・リカバリが完了しました
2024-03-01 22:17:25.662 JST [2362] LOG:  0/27000138 でリカバリの一貫性が確保されました
2024-03-01 22:17:25.662 JST [2357] LOG:  データベースシステムはリードオンリー接続の受け付け準備ができました
cp: `/var/lib/pgsql/15/archivedir/000000020000000000000028' を stat できません: そのようなファイルやディレクトリはありません
2024-03-01 22:17:25.709 JST [2368] LOG:  プライマリのタイムライン2の 0/28000000からでWALストリーミングを始めます
2024-03-01 22:22:25.718 JST [2360] LOG:  リスタートポイント開始: time
2024-03-01 22:22:25.724 JST [2360] LOG:  リスタートポイント完了: 1個のバッファを出力 (0.0%); 0個のWALファイルを追加、0個を削除、1個を再利用; 書き出し=0.002秒, 同期=0.001秒, 全体=0.006秒; 同期したファイル=0, 最長=0.000秒, 平均=0.000秒; 距離=16384 kB, 予測=16384 kB
2024-03-01 22:22:25.724 JST [2360] LOG:  リカバリ再開ポイントは0/28000060です
2024-03-01 22:23:15.310 JST [2480] ERROR:  リードオンリーのトランザクションでは INSERT を実行できません
2024-03-01 22:23:15.310 JST [2480] 文:  insert into login_table values ('aaaaaa','bbbbbb');
2024-03-01 22:27:25.807 JST [2360] LOG:  リスタートポイント開始: time
2024-03-01 22:27:25.910 JST [2360] LOG:  リスタートポイント完了: 2個のバッファを出力 (0.0%); 0個のWALファイルを追加、0個を削除、0個を再利用; 書き出し=0.102秒, 同期=0.001秒, 全体=0.104秒; 同期したファイル=2, 最長=0.001秒, 平均=0.001秒; 距離=1 kB, 予測=14745 kB
2024-03-01 22:27:25.911 JST [2360] LOG:  リカバリ再開ポイントは0/28000470です
2024-03-01 22:27:25.911 JST [2360] 詳細:  最後に完了したトランザクションはログ時刻 2024-03-01 13:23:19.026759+09 のものです
2024-03-01 23:36:40.250 JST [3433] ERROR:  リードオンリーのトランザクションでは INSERT を実行できません
2024-03-01 23:36:40.250 JST [3433] 文:  insert into login_table values ('cccccc','ddddd');
2024-03-01 23:41:44.307 JST [2360] LOG:  リスタートポイント開始: time
2024-03-01 23:41:44.419 JST [2360] LOG:  リスタートポイント完了: 2個のバッファを出力 (0.0%); 0個のWALファイルを追加、0個を削除、0個を再利用; 書き出し=0.107秒, 同期=0.001秒, 全体=0.112秒; 同期したファイル=2, 最長=0.001秒, 平均=0.001秒; 距離=1 kB, 予測=13271 kB
2024-03-01 23:41:44.419 JST [2360] LOG:  リカバリ再開ポイントは0/28000A38です
2024-03-01 23:41:44.419 JST [2360] 詳細:  最後に完了したトランザクションはログ時刻 2024-03-01 14:37:12.449069+09 のものです
2024-03-08 14:55:45.230 JST [1182] LOG:  PostgreSQL 15.6 on x86_64-pc-linux-gnu, compiled by gcc (GCC) 4.8.5 20150623 (Red Hat 4.8.5-44), 64-bit を起動しています
2024-03-08 14:55:45.233 JST [1182] LOG:  IPv4アドレス"0.0.0.0"、ポート5432で待ち受けています
2024-03-08 14:55:45.235 JST [1182] LOG:  IPv6アドレス"::"、ポート5432で待ち受けています
2024-03-08 14:55:45.239 JST [1182] LOG:  Unixソケット"/run/postgresql/.s.PGSQL.5432"で待ち受けています
2024-03-08 14:55:45.248 JST [1182] LOG:  Unixソケット"/tmp/.s.PGSQL.5432"で待ち受けています
2024-03-08 14:55:45.329 JST [1216] LOG:  データベースシステムは中断されました: 2024-03-07 23:05:37 JST まで動作していたことは確認できます
cp: `/var/lib/pgsql/15/archivedir/00000006.history' を stat できません: そのようなファイルやディレクトリはありません
2024-03-08 14:55:45.678 JST [1216] LOG:  アーカイブリカバリを開始しています
2024-03-08 14:55:45.678 JST [1216] LOG:  タイムラインID 5上でREDO LSN 0/52000028、チェックポイントLSN 0/52000060からのバックアップ・リカバリを開始しました
2024-03-08 14:55:45.733 JST [1216] LOG:  ログファイル"00000005.history"をアーカイブからリストアしました
2024-03-08 14:55:47.122 JST [1216] LOG:  ログファイル"000000050000000000000052"をアーカイブからリストアしました
2024-03-08 14:55:47.228 JST [1216] LOG:  REDOを0/52000028から開始します
cp: `/var/lib/pgsql/15/archivedir/000000050000000000000053' を stat できません: そのようなファイルやディレクトリはありません
2024-03-08 14:55:47.305 JST [1216] LOG:  REDO LSN0/52000028、終了LSN 0/52000138のバックアップ・リカバリが完了しました
2024-03-08 14:55:47.305 JST [1216] LOG:  0/52000138 でリカバリの一貫性が確保されました
2024-03-08 14:55:47.306 JST [1182] LOG:  データベースシステムはリードオンリー接続の受け付け準備ができました
cp: `/var/lib/pgsql/15/archivedir/000000050000000000000053' を stat できません: そのようなファイルやディレクトリはありません
2024-03-08 14:55:47.367 JST [1216] LOG:  REDOが0/52000138で終了しました、システム使用状況: CPU: ユーザー: 0.00秒、システム: 0.00秒、経過時間: 0.14秒
2024-03-08 14:55:47.720 JST [1216] LOG:  ログファイル"000000050000000000000052"をアーカイブからリストアしました
cp: `/var/lib/pgsql/15/archivedir/00000006.history' を stat できません: そのようなファイルやディレクトリはありません
2024-03-08 14:55:48.225 JST [1216] LOG:  新しいタイムラインIDを選択: 6
2024-03-08 14:55:48.733 JST [1216] LOG:  ログファイル"00000005.history"をアーカイブからリストアしました
2024-03-08 14:55:48.748 JST [1216] LOG:  アーカイブリカバリが完了しました
2024-03-08 14:55:48.750 JST [1214] LOG:  チェックポイント開始: end-of-recovery immediate wait
2024-03-08 14:55:48.790 JST [1214] LOG:  チェックポイント完了: 3個のバッファを出力 (0.0%); 0個のWALファイルを追加、0個を削除、1個を再利用; 書き出し=0.009秒, 同期=0.016秒, 全体=0.041秒; 同期したファイル=2, 最長=0.015秒, 平均=0.008秒; 距離=16384 kB, 予測=16384 kB
2024-03-08 14:55:48.799 JST [1182] LOG:  データベースシステムの接続受け付け準備が整いました
2024-03-08 15:51:34.382 JST [1182] LOG:  高速シャットダウン要求を受け取りました
2024-03-08 15:51:34.646 JST [1182] LOG:  活動中の全トランザクションをアボートしています
2024-03-08 15:51:34.901 JST [1182] LOG:  バックグラウンドワーカー"logical replication launcher" (PID 1331)は終了コード1で終了しました
2024-03-08 15:51:34.929 JST [1214] LOG:  シャットダウンしています
2024-03-08 15:51:36.068 JST [1214] LOG:  チェックポイント開始: shutdown immediate
2024-03-08 15:51:36.123 JST [1214] LOG:  チェックポイント完了: 0個のバッファを出力 (0.0%); 0個のWALファイルを追加、0個を削除、0個を再利用; 書き出し=0.004秒, 同期=0.001秒, 全体=0.068秒; 同期したファイル=0, 最長=0.000秒, 平均=0.000秒; 距離=16384 kB, 予測=16384 kB
2024-03-08 15:51:36.284 JST [1182] LOG:  データベースシステムはシャットダウンしました
2024-03-08 15:52:51.730 JST [1290] LOG:  PostgreSQL 15.6 on x86_64-pc-linux-gnu, compiled by gcc (GCC) 4.8.5 20150623 (Red Hat 4.8.5-44), 64-bit を起動しています
2024-03-08 15:52:51.730 JST [1290] LOG:  IPv4アドレス"0.0.0.0"、ポート5432で待ち受けています
2024-03-08 15:52:51.730 JST [1290] LOG:  IPv6アドレス"::"、ポート5432で待ち受けています
2024-03-08 15:52:51.733 JST [1290] LOG:  Unixソケット"/run/postgresql/.s.PGSQL.5432"で待ち受けています
2024-03-08 15:52:51.743 JST [1290] LOG:  Unixソケット"/tmp/.s.PGSQL.5432"で待ち受けています
2024-03-08 15:52:51.815 JST [1321] LOG:  データベースシステムは 2024-03-08 15:51:36 JST にシャットダウンしました
2024-03-08 15:52:51.882 JST [1290] LOG:  データベースシステムの接続受け付け準備が整いました
2024-03-08 15:57:51.886 JST [1318] LOG:  チェックポイント開始: time
2024-03-08 15:57:51.890 JST [1318] LOG:  チェックポイント完了: 3個のバッファを出力 (0.0%); 0個のWALファイルを追加、0個を削除、1個を再利用; 書き出し=0.002秒, 同期=0.001秒, 全体=0.006秒; 同期したファイル=2, 最長=0.001秒, 平均=0.001秒; 距離=0 kB, 予測=0 kB
2024-03-08 16:13:59.322 JST [1290] LOG:  高速シャットダウン要求を受け取りました
2024-03-08 16:13:59.359 JST [1290] LOG:  活動中の全トランザクションをアボートしています
2024-03-08 16:13:59.418 JST [1290] LOG:  バックグラウンドワーカー"logical replication launcher" (PID 1328)は終了コード1で終了しました
2024-03-08 16:13:59.418 JST [1318] LOG:  シャットダウンしています
2024-03-08 16:13:59.782 JST [1318] LOG:  チェックポイント開始: shutdown immediate
2024-03-08 16:13:59.794 JST [1318] LOG:  チェックポイント完了: 0個のバッファを出力 (0.0%); 0個のWALファイルを追加、0個を削除、0個を再利用; 書き出し=0.001秒, 同期=0.001秒, 全体=0.015秒; 同期したファイル=0, 最長=0.000秒, 平均=0.000秒; 距離=16383 kB, 予測=16383 kB
2024-03-08 16:13:59.851 JST [1290] LOG:  データベースシステムはシャットダウンしました
2024-03-08 20:07:46.652 JST [1336] LOG:  PostgreSQL 15.6 on x86_64-pc-linux-gnu, compiled by gcc (GCC) 4.8.5 20150623 (Red Hat 4.8.5-44), 64-bit を起動しています
2024-03-08 20:07:46.652 JST [1336] LOG:  IPv4アドレス"0.0.0.0"、ポート5432で待ち受けています
2024-03-08 20:07:46.652 JST [1336] LOG:  IPv6アドレス"::"、ポート5432で待ち受けています
2024-03-08 20:07:46.655 JST [1336] LOG:  Unixソケット"/run/postgresql/.s.PGSQL.5432"で待ち受けています
2024-03-08 20:07:46.658 JST [1336] LOG:  Unixソケット"/tmp/.s.PGSQL.5432"で待ち受けています
2024-03-08 20:07:46.698 JST [1371] LOG:  データベースシステムは 2024-03-08 16:13:59 JST にシャットダウンしました
2024-03-08 20:07:46.729 JST [1336] LOG:  データベースシステムの接続受け付け準備が整いました
2024-03-08 20:12:46.772 JST [1369] LOG:  チェックポイント開始: time
2024-03-08 20:12:46.781 JST [1369] LOG:  チェックポイント完了: 3個のバッファを出力 (0.0%); 0個のWALファイルを追加、0個を削除、1個を再利用; 書き出し=0.002秒, 同期=0.001秒, 全体=0.028秒; 同期したファイル=2, 最長=0.001秒, 平均=0.001秒; 距離=0 kB, 予測=0 kB
2024-03-08 22:54:27.593 JST [1336] LOG:  高速シャットダウン要求を受け取りました
2024-03-08 22:54:27.622 JST [1336] LOG:  活動中の全トランザクションをアボートしています
2024-03-08 22:54:27.661 JST [1336] LOG:  バックグラウンドワーカー"logical replication launcher" (PID 1376)は終了コード1で終了しました
2024-03-08 22:54:27.662 JST [1369] LOG:  シャットダウンしています
2024-03-08 22:54:27.843 JST [1369] LOG:  チェックポイント開始: shutdown immediate
2024-03-08 22:54:27.866 JST [1369] LOG:  チェックポイント完了: 0個のバッファを出力 (0.0%); 0個のWALファイルを追加、0個を削除、0個を再利用; 書き出し=0.008秒, 同期=0.001秒, 全体=0.025秒; 同期したファイル=0, 最長=0.000秒, 平均=0.000秒; 距離=16383 kB, 予測=16383 kB
2024-03-08 22:54:27.954 JST [1336] LOG:  データベースシステムはシャットダウンしました
2024-03-08 22:54:28.150 JST [9346] LOG:  PostgreSQL 15.6 on x86_64-pc-linux-gnu, compiled by gcc (GCC) 4.8.5 20150623 (Red Hat 4.8.5-44), 64-bit を起動しています
2024-03-08 22:54:28.161 JST [9346] LOG:  IPv4アドレス"0.0.0.0"、ポート5432で待ち受けています
2024-03-08 22:54:28.161 JST [9346] LOG:  IPv6アドレス"::"、ポート5432で待ち受けています
2024-03-08 22:54:28.162 JST [9346] LOG:  Unixソケット"/run/postgresql/.s.PGSQL.5432"で待ち受けています
2024-03-08 22:54:28.164 JST [9346] LOG:  Unixソケット"/tmp/.s.PGSQL.5432"で待ち受けています
2024-03-08 22:54:28.177 JST [9351] LOG:  データベースシステムは 2024-03-08 22:54:27 JST にシャットダウンしました
2024-03-08 22:54:28.192 JST [9346] LOG:  データベースシステムの接続受け付け準備が整いました
2024-03-08 22:57:25.327 JST [9349] LOG:  チェックポイント開始: force wait
2024-03-08 22:57:25.586 JST [9349] LOG:  チェックポイント完了: 3個のバッファを出力 (0.0%); 0個のWALファイルを追加、0個を削除、2個を再利用; 書き出し=0.003秒, 同期=0.023秒, 全体=0.260秒; 同期したファイル=2, 最長=0.022秒, 平均=0.012秒; 距離=16384 kB, 予測=16384 kB
2024-03-08 22:59:04.370 JST [9346] LOG:  高速シャットダウン要求を受け取りました
2024-03-08 22:59:04.390 JST [9346] LOG:  活動中の全トランザクションをアボートしています
2024-03-08 22:59:04.405 JST [9346] LOG:  バックグラウンドワーカー"logical replication launcher" (PID 9355)は終了コード1で終了しました
2024-03-08 22:59:04.405 JST [9349] LOG:  シャットダウンしています
2024-03-08 22:59:04.536 JST [9349] LOG:  チェックポイント開始: shutdown immediate
2024-03-08 22:59:04.598 JST [9349] LOG:  チェックポイント完了: 0個のバッファを出力 (0.0%); 0個のWALファイルを追加、0個を削除、2個を再利用; 書き出し=0.001秒, 同期=0.001秒, 全体=0.087秒; 同期したファイル=0, 最長=0.000秒, 平均=0.000秒; 距離=32768 kB, 予測=32768 kB
2024-03-08 22:59:04.796 JST [9633] LOG:  PostgreSQL 15.6 on x86_64-pc-linux-gnu, compiled by gcc (GCC) 4.8.5 20150623 (Red Hat 4.8.5-44), 64-bit を起動しています
2024-03-08 22:59:04.796 JST [9633] LOG:  IPv4アドレス"0.0.0.0"、ポート5432で待ち受けています
2024-03-08 22:59:04.796 JST [9633] LOG:  IPv6アドレス"::"、ポート5432で待ち受けています
2024-03-08 22:59:04.801 JST [9633] LOG:  Unixソケット"/run/postgresql/.s.PGSQL.5432"で待ち受けています
2024-03-08 22:59:04.802 JST [9633] LOG:  Unixソケット"/tmp/.s.PGSQL.5432"で待ち受けています
2024-03-08 22:59:04.811 JST [9638] LOG:  データベースシステムは 2024-03-08 22:59:04 JST にシャットダウンしました
2024-03-08 22:59:04.823 JST [9633] LOG:  データベースシステムの接続受け付け準備が整いました
2024-03-08 23:01:52.867 JST [9633] LOG:  高速シャットダウン要求を受け取りました
2024-03-08 23:01:52.890 JST [9633] LOG:  活動中の全トランザクションをアボートしています
2024-03-08 23:01:52.903 JST [9633] LOG:  バックグラウンドワーカー"logical replication launcher" (PID 9642)は終了コード1で終了しました
2024-03-08 23:01:52.904 JST [9636] LOG:  シャットダウンしています
2024-03-08 23:01:53.017 JST [9636] LOG:  チェックポイント開始: shutdown immediate
2024-03-08 23:01:53.065 JST [9636] LOG:  チェックポイント完了: 3個のバッファを出力 (0.0%); 0個のWALファイルを追加、0個を削除、1個を再利用; 書き出し=0.003秒, 同期=0.020秒, 全体=0.051秒; 同期したファイル=2, 最長=0.019秒, 平均=0.010秒; 距離=16384 kB, 予測=16384 kB
2024-03-08 23:01:57.749 JST [9806] LOG:  PostgreSQL 15.6 on x86_64-pc-linux-gnu, compiled by gcc (GCC) 4.8.5 20150623 (Red Hat 4.8.5-44), 64-bit を起動しています
2024-03-08 23:01:57.749 JST [9806] LOG:  IPv4アドレス"0.0.0.0"、ポート5432で待ち受けています
2024-03-08 23:01:57.749 JST [9806] LOG:  IPv6アドレス"::"、ポート5432で待ち受けています
2024-03-08 23:01:57.754 JST [9806] LOG:  Unixソケット"/run/postgresql/.s.PGSQL.5432"で待ち受けています
2024-03-08 23:01:57.756 JST [9806] LOG:  Unixソケット"/tmp/.s.PGSQL.5432"で待ち受けています
2024-03-08 23:01:57.765 JST [9812] LOG:  データベースシステムは 2024-03-08 23:01:53 JST にシャットダウンしました
2024-03-08 23:01:57.778 JST [9806] LOG:  データベースシステムの接続受け付け準備が整いました
2024-03-08 23:06:57.835 JST [9810] LOG:  チェックポイント開始: time
2024-03-08 23:06:57.857 JST [9810] LOG:  チェックポイント完了: 3個のバッファを出力 (0.0%); 0個のWALファイルを追加、0個を削除、0個を再利用; 書き出し=0.003秒, 同期=0.002秒, 全体=0.022秒; 同期したファイル=2, 最長=0.001秒, 平均=0.001秒; 距離=0 kB, 予測=0 kB
2024-03-08 23:09:10.346 JST [9810] LOG:  チェックポイント開始: force wait
2024-03-08 23:09:10.396 JST [9810] LOG:  チェックポイント完了: 0個のバッファを出力 (0.0%); 0個のWALファイルを追加、0個を削除、0個を再利用; 書き出し=0.002秒, 同期=0.001秒, 全体=0.051秒; 同期したファイル=0, 最長=0.000秒, 平均=0.000秒; 距離=16383 kB, 予測=16383 kB
2024-03-08 23:14:10.492 JST [9810] LOG:  チェックポイント開始: time
2024-03-08 23:14:10.544 JST [9810] LOG:  チェックポイント完了: 0個のバッファを出力 (0.0%); 0個のWALファイルを追加、0個を削除、2個を再利用; 書き出し=0.002秒, 同期=0.001秒, 全体=0.053秒; 同期したファイル=0, 最長=0.000秒, 平均=0.000秒; 距離=16384 kB, 予測=16384 kB
2024-03-08 23:17:14.564 JST [9810] LOG:  チェックポイント開始: immediate force wait
2024-03-08 23:17:14.619 JST [9810] LOG:  チェックポイント完了: 0個のバッファを出力 (0.0%); 0個のWALファイルを追加、0個を削除、0個を再利用; 書き出し=0.002秒, 同期=0.001秒, 全体=0.056秒; 同期したファイル=0, 最長=0.000秒, 平均=0.000秒; 距離=16383 kB, 予測=16384 kB
2024-03-08 23:19:49.141 JST [9810] LOG:  チェックポイント開始: immediate force wait
2024-03-08 23:19:49.419 JST [9810] LOG:  チェックポイント完了: 0個のバッファを出力 (0.0%); 0個のWALファイルを追加、0個を削除、3個を再利用; 書き出し=0.002秒, 同期=0.001秒, 全体=0.279秒; 同期したファイル=0, 最長=0.000秒, 平均=0.000秒; 距離=32768 kB, 予測=32768 kB
2024-03-08 23:24:49.516 JST [9810] LOG:  チェックポイント開始: time
2024-03-08 23:24:49.522 JST [9810] LOG:  チェックポイント完了: 0個のバッファを出力 (0.0%); 0個のWALファイルを追加、0個を削除、1個を再利用; 書き出し=0.002秒, 同期=0.001秒, 全体=0.006秒; 同期したファイル=0, 最長=0.000秒, 平均=0.000秒; 距離=16384 kB, 予測=31129 kB
2024-03-08 23:32:33.175 JST [9810] LOG:  チェックポイント開始: immediate force wait
2024-03-08 23:32:33.233 JST [9810] LOG:  チェックポイント完了: 0個のバッファを出力 (0.0%); 0個のWALファイルを追加、0個を削除、0個を再利用; 書き出し=0.002秒, 同期=0.001秒, 全体=0.059秒; 同期したファイル=0, 最長=0.000秒, 平均=0.000秒; 距離=16383 kB, 予測=29655 kB
2024-03-08 23:34:35.638 JST [9810] LOG:  チェックポイント開始: immediate force wait
2024-03-08 23:34:35.684 JST [9810] LOG:  チェックポイント完了: 0個のバッファを出力 (0.0%); 0個のWALファイルを追加、0個を削除、2個を再利用; 書き出し=0.001秒, 同期=0.001秒, 全体=0.047秒; 同期したファイル=0, 最長=0.000秒, 平均=0.000秒; 距離=32768 kB, 予測=32768 kB
2024-03-08 23:38:15.296 JST [9806] LOG:  高速シャットダウン要求を受け取りました
2024-03-08 23:38:15.316 JST [9806] LOG:  活動中の全トランザクションをアボートしています
2024-03-08 23:38:15.333 JST [9806] LOG:  バックグラウンドワーカー"logical replication launcher" (PID 9816)は終了コード1で終了しました
2024-03-08 23:38:15.333 JST [9810] LOG:  シャットダウンしています
2024-03-08 23:38:15.464 JST [9810] LOG:  チェックポイント開始: shutdown immediate
2024-03-08 23:38:15.518 JST [9810] LOG:  チェックポイント完了: 0個のバッファを出力 (0.0%); 0個のWALファイルを追加、0個を削除、3個を再利用; 書き出し=0.002秒, 同期=0.001秒, 全体=0.055秒; 同期したファイル=0, 最長=0.000秒, 平均=0.000秒; 距離=32768 kB, 予測=32768 kB
2024-03-08 23:38:15.539 JST [9806] LOG:  データベースシステムはシャットダウンしました
2024-03-08 23:38:15.728 JST [11376] LOG:  PostgreSQL 15.6 on x86_64-pc-linux-gnu, compiled by gcc (GCC) 4.8.5 20150623 (Red Hat 4.8.5-44), 64-bit を起動しています
2024-03-08 23:38:15.729 JST [11376] LOG:  IPv4アドレス"0.0.0.0"、ポート5432で待ち受けています
2024-03-08 23:38:15.729 JST [11376] LOG:  IPv6アドレス"::"、ポート5432で待ち受けています
2024-03-08 23:38:15.772 JST [11376] LOG:  Unixソケット"/run/postgresql/.s.PGSQL.5432"で待ち受けています
2024-03-08 23:38:15.779 JST [11376] LOG:  Unixソケット"/tmp/.s.PGSQL.5432"で待ち受けています
2024-03-08 23:38:15.789 JST [11381] LOG:  データベースシステムは 2024-03-08 23:38:15 JST にシャットダウンしました
2024-03-08 23:38:15.802 JST [11376] LOG:  データベースシステムの接続受け付け準備が整いました
2024-03-08 23:38:42.822 JST [11379] LOG:  チェックポイント開始: immediate force wait
2024-03-08 23:38:42.857 JST [11379] LOG:  チェックポイント完了: 3個のバッファを出力 (0.0%); 0個のWALファイルを追加、0個を削除、0個を再利用; 書き出し=0.003秒, 同期=0.014秒, 全体=0.035秒; 同期したファイル=2, 最長=0.012秒, 平均=0.007秒; 距離=16384 kB, 予測=16384 kB
2024-03-08 23:38:42.958 JST [11420] LOG:  スタンバイ"pg_basebackup"は優先度1の同期スタンバイになりました
2024-03-08 23:38:42.958 JST [11420] 文:  START_REPLICATION SLOT "pg_basebackup_11420" 0/66000000 TIMELINE 6
2024-03-08 23:40:44.269 JST [11376] LOG:  高速シャットダウン要求を受け取りました
2024-03-08 23:40:44.271 JST [11376] LOG:  活動中の全トランザクションをアボートしています
2024-03-08 23:40:44.286 JST [11376] LOG:  バックグラウンドワーカー"logical replication launcher" (PID 11385)は終了コード1で終了しました
2024-03-08 23:40:44.286 JST [11379] LOG:  シャットダウンしています
2024-03-08 23:40:44.416 JST [11379] LOG:  チェックポイント開始: shutdown immediate
2024-03-08 23:40:44.488 JST [11379] LOG:  チェックポイント完了: 0個のバッファを出力 (0.0%); 0個のWALファイルを追加、0個を削除、2個を再利用; 書き出し=0.001秒, 同期=0.001秒, 全体=0.075秒; 同期したファイル=0, 最長=0.000秒, 平均=0.000秒; 距離=32768 kB, 予測=32768 kB
2024-03-08 23:41:50.888 JST [11699] LOG:  PostgreSQL 15.6 on x86_64-pc-linux-gnu, compiled by gcc (GCC) 4.8.5 20150623 (Red Hat 4.8.5-44), 64-bit を起動しています
2024-03-08 23:41:50.889 JST [11699] LOG:  IPv4アドレス"0.0.0.0"、ポート5432で待ち受けています
2024-03-08 23:41:50.889 JST [11699] LOG:  IPv6アドレス"::"、ポート5432で待ち受けています
2024-03-08 23:41:50.893 JST [11699] LOG:  Unixソケット"/run/postgresql/.s.PGSQL.5432"で待ち受けています
2024-03-08 23:41:50.897 JST [11699] LOG:  Unixソケット"/tmp/.s.PGSQL.5432"で待ち受けています
2024-03-08 23:41:50.907 JST [11705] LOG:  データベースシステムは 2024-03-08 23:40:44 JST にシャットダウンしました
2024-03-08 23:41:50.917 JST [11699] LOG:  データベースシステムの接続受け付け準備が整いました
2024-03-08 23:43:46.110 JST [11703] LOG:  チェックポイント開始: force wait
2024-03-08 23:43:46.153 JST [11703] LOG:  チェックポイント完了: 3個のバッファを出力 (0.0%); 0個のWALファイルを追加、0個を削除、2個を再利用; 書き出し=0.003秒, 同期=0.002秒, 全体=0.043秒; 同期したファイル=2, 最長=0.002秒, 平均=0.001秒; 距離=16384 kB, 予測=16384 kB
2024-03-08 23:43:46.249 JST [11768] LOG:  スタンバイ"pg_basebackup"は優先度1の同期スタンバイになりました
2024-03-08 23:43:46.249 JST [11768] 文:  START_REPLICATION SLOT "pg_basebackup_11768" 0/69000000 TIMELINE 6
2024-03-08 23:48:46.251 JST [11703] LOG:  チェックポイント開始: time
2024-03-08 23:48:46.270 JST [11703] LOG:  チェックポイント完了: 0個のバッファを出力 (0.0%); 0個のWALファイルを追加、0個を削除、1個を再利用; 書き出し=0.001秒, 同期=0.001秒, 全体=0.019秒; 同期したファイル=0, 最長=0.000秒, 平均=0.000秒; 距離=16384 kB, 予測=16384 kB
2024-03-08 23:52:29.773 JST [11699] LOG:  高速シャットダウン要求を受け取りました
2024-03-08 23:52:30.122 JST [11699] LOG:  活動中の全トランザクションをアボートしています
2024-03-08 23:52:30.151 JST [11699] LOG:  バックグラウンドワーカー"logical replication launcher" (PID 11709)は終了コード1で終了しました
2024-03-08 23:52:30.151 JST [11703] LOG:  シャットダウンしています
2024-03-08 23:52:31.917 JST [11703] LOG:  チェックポイント開始: shutdown immediate
2024-03-08 23:52:31.950 JST [11703] LOG:  チェックポイント完了: 0個のバッファを出力 (0.0%); 0個のWALファイルを追加、0個を削除、0個を再利用; 書き出し=0.002秒, 同期=0.001秒, 全体=0.040秒; 同期したファイル=0, 最長=0.000秒, 平均=0.000秒; 距離=16383 kB, 予測=16384 kB
2024-03-08 23:52:32.765 JST [11699] LOG:  データベースシステムはシャットダウンしました
